01:25:00.297 | INFO    | prefect.engine - Created flow run 'woodoo-seagull' for flow 'ingest-taxi'
01:25:00.485 | INFO    | Flow run 'woodoo-seagull' - Created task run 'load_taxi_gcs-900781c4-0' for task 'load_taxi_gcs'
01:25:00.486 | INFO    | Flow run 'woodoo-seagull' - Executing 'load_taxi_gcs-900781c4-0' immediately...
01:25:15.912 | INFO    | Task run 'load_taxi_gcs-900781c4-0' - Loaded https://d37ci6vzurychx.cloudfront.net/trip-data/yellow_tripdata_2019-01.parquet to nyc_taxi/yellow/2019-01.pq
01:25:15.949 | INFO    | Task run 'load_taxi_gcs-900781c4-0' - Finished in state Completed()
01:25:15.979 | INFO    | Flow run 'woodoo-seagull' - Created task run 'load_taxi_gcs-900781c4-1' for task 'load_taxi_gcs'
01:25:15.979 | INFO    | Flow run 'woodoo-seagull' - Executing 'load_taxi_gcs-900781c4-1' immediately...
01:25:28.758 | INFO    | Task run 'load_taxi_gcs-900781c4-1' - Loaded https://d37ci6vzurychx.cloudfront.net/trip-data/yellow_tripdata_2019-02.parquet to nyc_taxi/yellow/2019-02.pq
01:25:28.798 | INFO    | Task run 'load_taxi_gcs-900781c4-1' - Finished in state Completed()
01:25:28.828 | INFO    | Flow run 'woodoo-seagull' - Created task run 'load_taxi_gcs-900781c4-2' for task 'load_taxi_gcs'
01:25:28.829 | INFO    | Flow run 'woodoo-seagull' - Executing 'load_taxi_gcs-900781c4-2' immediately...
01:25:47.208 | INFO    | Task run 'load_taxi_gcs-900781c4-2' - Loaded https://d37ci6vzurychx.cloudfront.net/trip-data/yellow_tripdata_2019-03.parquet to nyc_taxi/yellow/2019-03.pq
01:25:47.256 | INFO    | Task run 'load_taxi_gcs-900781c4-2' - Finished in state Completed()
01:25:47.286 | INFO    | Flow run 'woodoo-seagull' - Created task run 'load_taxi_gcs-900781c4-3' for task 'load_taxi_gcs'
01:25:47.287 | INFO    | Flow run 'woodoo-seagull' - Executing 'load_taxi_gcs-900781c4-3' immediately...
01:26:02.212 | INFO    | Task run 'load_taxi_gcs-900781c4-3' - Loaded https://d37ci6vzurychx.cloudfront.net/trip-data/yellow_tripdata_2019-04.parquet to nyc_taxi/yellow/2019-04.pq
01:26:02.255 | INFO    | Task run 'load_taxi_gcs-900781c4-3' - Finished in state Completed()
01:26:02.286 | INFO    | Flow run 'woodoo-seagull' - Created task run 'load_taxi_gcs-900781c4-4' for task 'load_taxi_gcs'
01:26:02.287 | INFO    | Flow run 'woodoo-seagull' - Executing 'load_taxi_gcs-900781c4-4' immediately...
01:26:17.428 | INFO    | Task run 'load_taxi_gcs-900781c4-4' - Loaded https://d37ci6vzurychx.cloudfront.net/trip-data/yellow_tripdata_2019-05.parquet to nyc_taxi/yellow/2019-05.pq
01:26:17.467 | INFO    | Task run 'load_taxi_gcs-900781c4-4' - Finished in state Completed()
01:26:17.502 | INFO    | Flow run 'woodoo-seagull' - Created task run 'load_taxi_gcs-900781c4-5' for task 'load_taxi_gcs'
01:26:17.502 | INFO    | Flow run 'woodoo-seagull' - Executing 'load_taxi_gcs-900781c4-5' immediately...
01:26:30.291 | INFO    | Task run 'load_taxi_gcs-900781c4-5' - Loaded https://d37ci6vzurychx.cloudfront.net/trip-data/yellow_tripdata_2019-06.parquet to nyc_taxi/yellow/2019-06.pq
01:26:30.338 | INFO    | Task run 'load_taxi_gcs-900781c4-5' - Finished in state Completed()
01:26:30.370 | INFO    | Flow run 'woodoo-seagull' - Created task run 'load_taxi_gcs-900781c4-6' for task 'load_taxi_gcs'
01:26:30.370 | INFO    | Flow run 'woodoo-seagull' - Executing 'load_taxi_gcs-900781c4-6' immediately...
01:26:43.834 | INFO    | Task run 'load_taxi_gcs-900781c4-6' - Loaded https://d37ci6vzurychx.cloudfront.net/trip-data/yellow_tripdata_2019-07.parquet to nyc_taxi/yellow/2019-07.pq
01:26:43.874 | INFO    | Task run 'load_taxi_gcs-900781c4-6' - Finished in state Completed()
01:26:43.902 | INFO    | Flow run 'woodoo-seagull' - Created task run 'load_taxi_gcs-900781c4-7' for task 'load_taxi_gcs'
01:26:43.903 | INFO    | Flow run 'woodoo-seagull' - Executing 'load_taxi_gcs-900781c4-7' immediately...
01:26:55.731 | INFO    | Task run 'load_taxi_gcs-900781c4-7' - Loaded https://d37ci6vzurychx.cloudfront.net/trip-data/yellow_tripdata_2019-08.parquet to nyc_taxi/yellow/2019-08.pq
01:26:55.770 | INFO    | Task run 'load_taxi_gcs-900781c4-7' - Finished in state Completed()
01:26:55.803 | INFO    | Flow run 'woodoo-seagull' - Created task run 'load_taxi_gcs-900781c4-8' for task 'load_taxi_gcs'
01:26:55.803 | INFO    | Flow run 'woodoo-seagull' - Executing 'load_taxi_gcs-900781c4-8' immediately...
01:27:08.118 | INFO    | Task run 'load_taxi_gcs-900781c4-8' - Loaded https://d37ci6vzurychx.cloudfront.net/trip-data/yellow_tripdata_2019-09.parquet to nyc_taxi/yellow/2019-09.pq
01:27:08.153 | INFO    | Task run 'load_taxi_gcs-900781c4-8' - Finished in state Completed()
01:27:08.184 | INFO    | Flow run 'woodoo-seagull' - Created task run 'load_taxi_gcs-900781c4-9' for task 'load_taxi_gcs'
01:27:08.185 | INFO    | Flow run 'woodoo-seagull' - Executing 'load_taxi_gcs-900781c4-9' immediately...
01:27:22.751 | INFO    | Task run 'load_taxi_gcs-900781c4-9' - Loaded https://d37ci6vzurychx.cloudfront.net/trip-data/yellow_tripdata_2019-10.parquet to nyc_taxi/yellow/2019-10.pq
01:27:22.794 | INFO    | Task run 'load_taxi_gcs-900781c4-9' - Finished in state Completed()
01:27:22.823 | INFO    | Flow run 'woodoo-seagull' - Created task run 'load_taxi_gcs-900781c4-10' for task 'load_taxi_gcs'
01:27:22.824 | INFO    | Flow run 'woodoo-seagull' - Executing 'load_taxi_gcs-900781c4-10' immediately...
01:27:35.245 | INFO    | Task run 'load_taxi_gcs-900781c4-10' - Loaded https://d37ci6vzurychx.cloudfront.net/trip-data/yellow_tripdata_2019-11.parquet to nyc_taxi/yellow/2019-11.pq
01:27:35.283 | INFO    | Task run 'load_taxi_gcs-900781c4-10' - Finished in state Completed()
01:27:35.317 | INFO    | Flow run 'woodoo-seagull' - Created task run 'load_taxi_gcs-900781c4-11' for task 'load_taxi_gcs'
01:27:35.318 | INFO    | Flow run 'woodoo-seagull' - Executing 'load_taxi_gcs-900781c4-11' immediately...
01:27:48.421 | INFO    | Task run 'load_taxi_gcs-900781c4-11' - Loaded https://d37ci6vzurychx.cloudfront.net/trip-data/yellow_tripdata_2019-12.parquet to nyc_taxi/yellow/2019-12.pq
01:27:48.459 | INFO    | Task run 'load_taxi_gcs-900781c4-11' - Finished in state Completed()
01:27:48.486 | INFO    | Flow run 'woodoo-seagull' - Created task run 'load_taxi_gcs-900781c4-12' for task 'load_taxi_gcs'
01:27:48.487 | INFO    | Flow run 'woodoo-seagull' - Executing 'load_taxi_gcs-900781c4-12' immediately...
01:28:00.636 | INFO    | Task run 'load_taxi_gcs-900781c4-12' - Loaded https://d37ci6vzurychx.cloudfront.net/trip-data/yellow_tripdata_2020-01.parquet to nyc_taxi/yellow/2020-01.pq
01:28:00.679 | INFO    | Task run 'load_taxi_gcs-900781c4-12' - Finished in state Completed()
01:28:00.711 | INFO    | Flow run 'woodoo-seagull' - Created task run 'load_taxi_gcs-900781c4-13' for task 'load_taxi_gcs'
01:28:00.712 | INFO    | Flow run 'woodoo-seagull' - Executing 'load_taxi_gcs-900781c4-13' immediately...
01:28:12.555 | INFO    | Task run 'load_taxi_gcs-900781c4-13' - Loaded https://d37ci6vzurychx.cloudfront.net/trip-data/yellow_tripdata_2020-02.parquet to nyc_taxi/yellow/2020-02.pq
01:28:12.597 | INFO    | Task run 'load_taxi_gcs-900781c4-13' - Finished in state Completed()
01:28:12.623 | INFO    | Flow run 'woodoo-seagull' - Created task run 'load_taxi_gcs-900781c4-14' for task 'load_taxi_gcs'
01:28:12.624 | INFO    | Flow run 'woodoo-seagull' - Executing 'load_taxi_gcs-900781c4-14' immediately...
01:28:20.401 | INFO    | Task run 'load_taxi_gcs-900781c4-14' - Loaded https://d37ci6vzurychx.cloudfront.net/trip-data/yellow_tripdata_2020-03.parquet to nyc_taxi/yellow/2020-03.pq
01:28:20.438 | INFO    | Task run 'load_taxi_gcs-900781c4-14' - Finished in state Completed()
01:28:20.467 | INFO    | Flow run 'woodoo-seagull' - Created task run 'load_taxi_gcs-900781c4-15' for task 'load_taxi_gcs'
01:28:20.468 | INFO    | Flow run 'woodoo-seagull' - Executing 'load_taxi_gcs-900781c4-15' immediately...
01:28:23.933 | INFO    | Task run 'load_taxi_gcs-900781c4-15' - Loaded https://d37ci6vzurychx.cloudfront.net/trip-data/yellow_tripdata_2020-04.parquet to nyc_taxi/yellow/2020-04.pq
01:28:23.964 | INFO    | Task run 'load_taxi_gcs-900781c4-15' - Finished in state Completed()
01:28:23.996 | INFO    | Flow run 'woodoo-seagull' - Created task run 'load_taxi_gcs-900781c4-16' for task 'load_taxi_gcs'
01:28:23.997 | INFO    | Flow run 'woodoo-seagull' - Executing 'load_taxi_gcs-900781c4-16' immediately...
01:28:28.494 | INFO    | Task run 'load_taxi_gcs-900781c4-16' - Loaded https://d37ci6vzurychx.cloudfront.net/trip-data/yellow_tripdata_2020-05.parquet to nyc_taxi/yellow/2020-05.pq
01:28:28.527 | INFO    | Task run 'load_taxi_gcs-900781c4-16' - Finished in state Completed()
01:28:28.563 | INFO    | Flow run 'woodoo-seagull' - Created task run 'load_taxi_gcs-900781c4-17' for task 'load_taxi_gcs'
01:28:28.563 | INFO    | Flow run 'woodoo-seagull' - Executing 'load_taxi_gcs-900781c4-17' immediately...
01:28:33.054 | INFO    | Task run 'load_taxi_gcs-900781c4-17' - Loaded https://d37ci6vzurychx.cloudfront.net/trip-data/yellow_tripdata_2020-06.parquet to nyc_taxi/yellow/2020-06.pq
01:28:33.086 | INFO    | Task run 'load_taxi_gcs-900781c4-17' - Finished in state Completed()
01:28:33.117 | INFO    | Flow run 'woodoo-seagull' - Created task run 'load_taxi_gcs-900781c4-18' for task 'load_taxi_gcs'
01:28:33.117 | INFO    | Flow run 'woodoo-seagull' - Executing 'load_taxi_gcs-900781c4-18' immediately...
01:28:38.303 | INFO    | Task run 'load_taxi_gcs-900781c4-18' - Loaded https://d37ci6vzurychx.cloudfront.net/trip-data/yellow_tripdata_2020-07.parquet to nyc_taxi/yellow/2020-07.pq
01:28:38.335 | INFO    | Task run 'load_taxi_gcs-900781c4-18' - Finished in state Completed()
01:28:38.365 | INFO    | Flow run 'woodoo-seagull' - Created task run 'load_taxi_gcs-900781c4-19' for task 'load_taxi_gcs'
01:28:38.366 | INFO    | Flow run 'woodoo-seagull' - Executing 'load_taxi_gcs-900781c4-19' immediately...
01:28:44.049 | INFO    | Task run 'load_taxi_gcs-900781c4-19' - Loaded https://d37ci6vzurychx.cloudfront.net/trip-data/yellow_tripdata_2020-08.parquet to nyc_taxi/yellow/2020-08.pq
01:28:44.087 | INFO    | Task run 'load_taxi_gcs-900781c4-19' - Finished in state Completed()
01:28:44.118 | INFO    | Flow run 'woodoo-seagull' - Created task run 'load_taxi_gcs-900781c4-20' for task 'load_taxi_gcs'
01:28:44.119 | INFO    | Flow run 'woodoo-seagull' - Executing 'load_taxi_gcs-900781c4-20' immediately...
01:28:49.909 | INFO    | Task run 'load_taxi_gcs-900781c4-20' - Loaded https://d37ci6vzurychx.cloudfront.net/trip-data/yellow_tripdata_2020-09.parquet to nyc_taxi/yellow/2020-09.pq
01:28:49.950 | INFO    | Task run 'load_taxi_gcs-900781c4-20' - Finished in state Completed()
01:28:49.978 | INFO    | Flow run 'woodoo-seagull' - Created task run 'load_taxi_gcs-900781c4-21' for task 'load_taxi_gcs'
01:28:49.979 | INFO    | Flow run 'woodoo-seagull' - Executing 'load_taxi_gcs-900781c4-21' immediately...
01:28:56.211 | INFO    | Task run 'load_taxi_gcs-900781c4-21' - Loaded https://d37ci6vzurychx.cloudfront.net/trip-data/yellow_tripdata_2020-10.parquet to nyc_taxi/yellow/2020-10.pq
01:28:56.246 | INFO    | Task run 'load_taxi_gcs-900781c4-21' - Finished in state Completed()
01:28:56.273 | INFO    | Flow run 'woodoo-seagull' - Created task run 'load_taxi_gcs-900781c4-22' for task 'load_taxi_gcs'
01:28:56.274 | INFO    | Flow run 'woodoo-seagull' - Executing 'load_taxi_gcs-900781c4-22' immediately...
01:29:02.398 | INFO    | Task run 'load_taxi_gcs-900781c4-22' - Loaded https://d37ci6vzurychx.cloudfront.net/trip-data/yellow_tripdata_2020-11.parquet to nyc_taxi/yellow/2020-11.pq
01:29:02.434 | INFO    | Task run 'load_taxi_gcs-900781c4-22' - Finished in state Completed()
01:29:02.470 | INFO    | Flow run 'woodoo-seagull' - Created task run 'load_gcs_bq-871f547f-0' for task 'load_gcs_bq'
01:29:02.471 | INFO    | Flow run 'woodoo-seagull' - Executing 'load_gcs_bq-871f547f-0' immediately...
01:29:04.662 | ERROR   | Task run 'load_gcs_bq-871f547f-0' - Encountered exception during execution:
Traceback (most recent call last):
  File "/home/mrzzy/disk/courses/data-engineering-zoomcamp/week_4_analytics_engineering/ingest/venv/lib/python3.10/site-packages/prefect/engine.py", line 1192, in orchestrate_task_run
    result = await run_sync(task.fn, *args, **kwargs)
  File "/home/mrzzy/disk/courses/data-engineering-zoomcamp/week_4_analytics_engineering/ingest/venv/lib/python3.10/site-packages/prefect/utilities/asyncutils.py", line 57, in run_sync_in_worker_thread
    return await anyio.to_thread.run_sync(call, cancellable=True)
  File "/home/mrzzy/disk/courses/data-engineering-zoomcamp/week_4_analytics_engineering/ingest/venv/lib/python3.10/site-packages/anyio/to_thread.py", line 31, in run_sync
    return await get_asynclib().run_sync_in_worker_thread(
  File "/home/mrzzy/disk/courses/data-engineering-zoomcamp/week_4_analytics_engineering/ingest/venv/lib/python3.10/site-packages/anyio/_backends/_asyncio.py", line 937, in run_sync_in_worker_thread
    return await future
  File "/home/mrzzy/disk/courses/data-engineering-zoomcamp/week_4_analytics_engineering/ingest/venv/lib/python3.10/site-packages/anyio/_backends/_asyncio.py", line 867, in run
    result = context.run(func, *args)
  File "/home/mrzzy/disk/courses/data-engineering-zoomcamp/week_4_analytics_engineering/ingest/pipeline.py", line 83, in load_gcs_bq
    ).result()
  File "/home/mrzzy/disk/courses/data-engineering-zoomcamp/week_4_analytics_engineering/ingest/venv/lib/python3.10/site-packages/google/cloud/bigquery/job/base.py", line 728, in result
    return super(_AsyncJob, self).result(timeout=timeout, **kwargs)
  File "/home/mrzzy/disk/courses/data-engineering-zoomcamp/week_4_analytics_engineering/ingest/venv/lib/python3.10/site-packages/google/api_core/future/polling.py", line 261, in result
    raise self._exception
google.api_core.exceptions.BadRequest: 400 Error while reading data, error message: Parquet column 'airport_fee' has type INT32 which does not match the target cpp_type DOUBLE. File: gs://mrzzy-data-eng-zoomcamp-nytaxi/nyc_taxi/yellow/2020-01.pq
01:29:04.699 | ERROR   | Task run 'load_gcs_bq-871f547f-0' - Finished in state Failed('Task run encountered an exception.')
01:29:04.700 | ERROR   | Flow run 'woodoo-seagull' - Encountered exception during execution:
Traceback (most recent call last):
  File "/home/mrzzy/disk/courses/data-engineering-zoomcamp/week_4_analytics_engineering/ingest/venv/lib/python3.10/site-packages/prefect/engine.py", line 595, in orchestrate_flow_run
    result = await run_sync(flow_call)
  File "/home/mrzzy/disk/courses/data-engineering-zoomcamp/week_4_analytics_engineering/ingest/venv/lib/python3.10/site-packages/prefect/utilities/asyncutils.py", line 57, in run_sync_in_worker_thread
    return await anyio.to_thread.run_sync(call, cancellable=True)
  File "/home/mrzzy/disk/courses/data-engineering-zoomcamp/week_4_analytics_engineering/ingest/venv/lib/python3.10/site-packages/anyio/to_thread.py", line 31, in run_sync
    return await get_asynclib().run_sync_in_worker_thread(
  File "/home/mrzzy/disk/courses/data-engineering-zoomcamp/week_4_analytics_engineering/ingest/venv/lib/python3.10/site-packages/anyio/_backends/_asyncio.py", line 937, in run_sync_in_worker_thread
    return await future
  File "/home/mrzzy/disk/courses/data-engineering-zoomcamp/week_4_analytics_engineering/ingest/venv/lib/python3.10/site-packages/anyio/_backends/_asyncio.py", line 867, in run
    result = context.run(func, *args)
  File "/home/mrzzy/disk/courses/data-engineering-zoomcamp/week_4_analytics_engineering/ingest/pipeline.py", line 136, in ingest_taxi
    load_gcs_bq(partition_urls=gs_paths, table_id=table_id)
  File "/home/mrzzy/disk/courses/data-engineering-zoomcamp/week_4_analytics_engineering/ingest/venv/lib/python3.10/site-packages/prefect/tasks.py", line 295, in __call__
    return enter_task_run_engine(
  File "/home/mrzzy/disk/courses/data-engineering-zoomcamp/week_4_analytics_engineering/ingest/venv/lib/python3.10/site-packages/prefect/engine.py", line 735, in enter_task_run_engine
    return run_async_from_worker_thread(begin_run)
  File "/home/mrzzy/disk/courses/data-engineering-zoomcamp/week_4_analytics_engineering/ingest/venv/lib/python3.10/site-packages/prefect/utilities/asyncutils.py", line 137, in run_async_from_worker_thread
    return anyio.from_thread.run(call)
  File "/home/mrzzy/disk/courses/data-engineering-zoomcamp/week_4_analytics_engineering/ingest/venv/lib/python3.10/site-packages/anyio/from_thread.py", line 49, in run
    return asynclib.run_async_from_thread(func, *args)
  File "/home/mrzzy/disk/courses/data-engineering-zoomcamp/week_4_analytics_engineering/ingest/venv/lib/python3.10/site-packages/anyio/_backends/_asyncio.py", line 970, in run_async_from_thread
    return f.result()
  File "/usr/lib/python3.10/concurrent/futures/_base.py", line 458, in result
    return self.__get_result()
  File "/usr/lib/python3.10/concurrent/futures/_base.py", line 403, in __get_result
    raise self._exception
  File "/home/mrzzy/disk/courses/data-engineering-zoomcamp/week_4_analytics_engineering/ingest/venv/lib/python3.10/site-packages/prefect/engine.py", line 863, in get_task_call_return_value
    return await future._result()
  File "/home/mrzzy/disk/courses/data-engineering-zoomcamp/week_4_analytics_engineering/ingest/venv/lib/python3.10/site-packages/prefect/futures.py", line 236, in _result
    return final_state.result(raise_on_failure=raise_on_failure)
  File "/home/mrzzy/disk/courses/data-engineering-zoomcamp/week_4_analytics_engineering/ingest/venv/lib/python3.10/site-packages/prefect/orion/schemas/states.py", line 143, in result
    raise data
  File "/home/mrzzy/disk/courses/data-engineering-zoomcamp/week_4_analytics_engineering/ingest/venv/lib/python3.10/site-packages/prefect/engine.py", line 1192, in orchestrate_task_run
    result = await run_sync(task.fn, *args, **kwargs)
  File "/home/mrzzy/disk/courses/data-engineering-zoomcamp/week_4_analytics_engineering/ingest/venv/lib/python3.10/site-packages/prefect/utilities/asyncutils.py", line 57, in run_sync_in_worker_thread
    return await anyio.to_thread.run_sync(call, cancellable=True)
  File "/home/mrzzy/disk/courses/data-engineering-zoomcamp/week_4_analytics_engineering/ingest/venv/lib/python3.10/site-packages/anyio/to_thread.py", line 31, in run_sync
    return await get_asynclib().run_sync_in_worker_thread(
  File "/home/mrzzy/disk/courses/data-engineering-zoomcamp/week_4_analytics_engineering/ingest/venv/lib/python3.10/site-packages/anyio/_backends/_asyncio.py", line 937, in run_sync_in_worker_thread
    return await future
  File "/home/mrzzy/disk/courses/data-engineering-zoomcamp/week_4_analytics_engineering/ingest/venv/lib/python3.10/site-packages/anyio/_backends/_asyncio.py", line 867, in run
    result = context.run(func, *args)
  File "/home/mrzzy/disk/courses/data-engineering-zoomcamp/week_4_analytics_engineering/ingest/pipeline.py", line 83, in load_gcs_bq
    ).result()
  File "/home/mrzzy/disk/courses/data-engineering-zoomcamp/week_4_analytics_engineering/ingest/venv/lib/python3.10/site-packages/google/cloud/bigquery/job/base.py", line 728, in result
    return super(_AsyncJob, self).result(timeout=timeout, **kwargs)
  File "/home/mrzzy/disk/courses/data-engineering-zoomcamp/week_4_analytics_engineering/ingest/venv/lib/python3.10/site-packages/google/api_core/future/polling.py", line 261, in result
    raise self._exception
google.api_core.exceptions.BadRequest: 400 Error while reading data, error message: Parquet column 'airport_fee' has type INT32 which does not match the target cpp_type DOUBLE. File: gs://mrzzy-data-eng-zoomcamp-nytaxi/nyc_taxi/yellow/2020-01.pq
01:29:04.741 | ERROR   | Flow run 'woodoo-seagull' - Finished in state Failed('Flow run encountered an exception.')
Traceback (most recent call last):
  File "/home/mrzzy/disk/courses/data-engineering-zoomcamp/week_4_analytics_engineering/ingest/pipeline.py", line 139, in <module>
    ingest_taxi(
  File "/home/mrzzy/disk/courses/data-engineering-zoomcamp/week_4_analytics_engineering/ingest/venv/lib/python3.10/site-packages/prefect/flows.py", line 384, in __call__
    return enter_flow_run_engine_from_flow_call(
  File "/home/mrzzy/disk/courses/data-engineering-zoomcamp/week_4_analytics_engineering/ingest/venv/lib/python3.10/site-packages/prefect/engine.py", line 158, in enter_flow_run_engine_from_flow_call
    return anyio.run(begin_run)
  File "/home/mrzzy/disk/courses/data-engineering-zoomcamp/week_4_analytics_engineering/ingest/venv/lib/python3.10/site-packages/anyio/_core/_eventloop.py", line 70, in run
    return asynclib.run(func, *args, **backend_options)
  File "/home/mrzzy/disk/courses/data-engineering-zoomcamp/week_4_analytics_engineering/ingest/venv/lib/python3.10/site-packages/anyio/_backends/_asyncio.py", line 292, in run
    return native_run(wrapper(), debug=debug)
  File "/usr/lib/python3.10/asyncio/runners.py", line 44, in run
    return loop.run_until_complete(main)
  File "/usr/lib/python3.10/asyncio/base_events.py", line 646, in run_until_complete
    return future.result()
  File "/home/mrzzy/disk/courses/data-engineering-zoomcamp/week_4_analytics_engineering/ingest/venv/lib/python3.10/site-packages/anyio/_backends/_asyncio.py", line 287, in wrapper
    return await func(*args)
  File "/home/mrzzy/disk/courses/data-engineering-zoomcamp/week_4_analytics_engineering/ingest/venv/lib/python3.10/site-packages/prefect/client.py", line 103, in with_injected_client
    return await fn(*args, **kwargs)
  File "/home/mrzzy/disk/courses/data-engineering-zoomcamp/week_4_analytics_engineering/ingest/venv/lib/python3.10/site-packages/prefect/engine.py", line 238, in create_then_begin_flow_run
    return state.result()
  File "/home/mrzzy/disk/courses/data-engineering-zoomcamp/week_4_analytics_engineering/ingest/venv/lib/python3.10/site-packages/prefect/orion/schemas/states.py", line 143, in result
    raise data
  File "/home/mrzzy/disk/courses/data-engineering-zoomcamp/week_4_analytics_engineering/ingest/venv/lib/python3.10/site-packages/prefect/engine.py", line 595, in orchestrate_flow_run
    result = await run_sync(flow_call)
  File "/home/mrzzy/disk/courses/data-engineering-zoomcamp/week_4_analytics_engineering/ingest/venv/lib/python3.10/site-packages/prefect/utilities/asyncutils.py", line 57, in run_sync_in_worker_thread
    return await anyio.to_thread.run_sync(call, cancellable=True)
  File "/home/mrzzy/disk/courses/data-engineering-zoomcamp/week_4_analytics_engineering/ingest/venv/lib/python3.10/site-packages/anyio/to_thread.py", line 31, in run_sync
    return await get_asynclib().run_sync_in_worker_thread(
  File "/home/mrzzy/disk/courses/data-engineering-zoomcamp/week_4_analytics_engineering/ingest/venv/lib/python3.10/site-packages/anyio/_backends/_asyncio.py", line 937, in run_sync_in_worker_thread
    return await future
  File "/home/mrzzy/disk/courses/data-engineering-zoomcamp/week_4_analytics_engineering/ingest/venv/lib/python3.10/site-packages/anyio/_backends/_asyncio.py", line 867, in run
    result = context.run(func, *args)
  File "/home/mrzzy/disk/courses/data-engineering-zoomcamp/week_4_analytics_engineering/ingest/pipeline.py", line 136, in ingest_taxi
    load_gcs_bq(partition_urls=gs_paths, table_id=table_id)
  File "/home/mrzzy/disk/courses/data-engineering-zoomcamp/week_4_analytics_engineering/ingest/venv/lib/python3.10/site-packages/prefect/tasks.py", line 295, in __call__
    return enter_task_run_engine(
  File "/home/mrzzy/disk/courses/data-engineering-zoomcamp/week_4_analytics_engineering/ingest/venv/lib/python3.10/site-packages/prefect/engine.py", line 735, in enter_task_run_engine
    return run_async_from_worker_thread(begin_run)
  File "/home/mrzzy/disk/courses/data-engineering-zoomcamp/week_4_analytics_engineering/ingest/venv/lib/python3.10/site-packages/prefect/utilities/asyncutils.py", line 137, in run_async_from_worker_thread
    return anyio.from_thread.run(call)
  File "/home/mrzzy/disk/courses/data-engineering-zoomcamp/week_4_analytics_engineering/ingest/venv/lib/python3.10/site-packages/anyio/from_thread.py", line 49, in run
    return asynclib.run_async_from_thread(func, *args)
  File "/home/mrzzy/disk/courses/data-engineering-zoomcamp/week_4_analytics_engineering/ingest/venv/lib/python3.10/site-packages/anyio/_backends/_asyncio.py", line 970, in run_async_from_thread
    return f.result()
  File "/usr/lib/python3.10/concurrent/futures/_base.py", line 458, in result
    return self.__get_result()
  File "/usr/lib/python3.10/concurrent/futures/_base.py", line 403, in __get_result
    raise self._exception
  File "/home/mrzzy/disk/courses/data-engineering-zoomcamp/week_4_analytics_engineering/ingest/venv/lib/python3.10/site-packages/prefect/engine.py", line 863, in get_task_call_return_value
    return await future._result()
  File "/home/mrzzy/disk/courses/data-engineering-zoomcamp/week_4_analytics_engineering/ingest/venv/lib/python3.10/site-packages/prefect/futures.py", line 236, in _result
    return final_state.result(raise_on_failure=raise_on_failure)
  File "/home/mrzzy/disk/courses/data-engineering-zoomcamp/week_4_analytics_engineering/ingest/venv/lib/python3.10/site-packages/prefect/orion/schemas/states.py", line 143, in result
    raise data
  File "/home/mrzzy/disk/courses/data-engineering-zoomcamp/week_4_analytics_engineering/ingest/venv/lib/python3.10/site-packages/prefect/engine.py", line 1192, in orchestrate_task_run
    result = await run_sync(task.fn, *args, **kwargs)
  File "/home/mrzzy/disk/courses/data-engineering-zoomcamp/week_4_analytics_engineering/ingest/venv/lib/python3.10/site-packages/prefect/utilities/asyncutils.py", line 57, in run_sync_in_worker_thread
    return await anyio.to_thread.run_sync(call, cancellable=True)
  File "/home/mrzzy/disk/courses/data-engineering-zoomcamp/week_4_analytics_engineering/ingest/venv/lib/python3.10/site-packages/anyio/to_thread.py", line 31, in run_sync
    return await get_asynclib().run_sync_in_worker_thread(
  File "/home/mrzzy/disk/courses/data-engineering-zoomcamp/week_4_analytics_engineering/ingest/venv/lib/python3.10/site-packages/anyio/_backends/_asyncio.py", line 937, in run_sync_in_worker_thread
    return await future
  File "/home/mrzzy/disk/courses/data-engineering-zoomcamp/week_4_analytics_engineering/ingest/venv/lib/python3.10/site-packages/anyio/_backends/_asyncio.py", line 867, in run
    result = context.run(func, *args)
  File "/home/mrzzy/disk/courses/data-engineering-zoomcamp/week_4_analytics_engineering/ingest/pipeline.py", line 83, in load_gcs_bq
    ).result()
  File "/home/mrzzy/disk/courses/data-engineering-zoomcamp/week_4_analytics_engineering/ingest/venv/lib/python3.10/site-packages/google/cloud/bigquery/job/base.py", line 728, in result
    return super(_AsyncJob, self).result(timeout=timeout, **kwargs)
  File "/home/mrzzy/disk/courses/data-engineering-zoomcamp/week_4_analytics_engineering/ingest/venv/lib/python3.10/site-packages/google/api_core/future/polling.py", line 261, in result
    raise self._exception
google.api_core.exceptions.BadRequest: 400 Error while reading data, error message: Parquet column 'airport_fee' has type INT32 which does not match the target cpp_type DOUBLE. File: gs://mrzzy-data-eng-zoomcamp-nytaxi/nyc_taxi/yellow/2020-01.pq
